<?xml version="1.0" encoding="UTF-8"?>
<!-- Generated by org.testng.reporters.JUnitReportReporter -->
<testsuite hostname="Ross-Laptop" name="microsim.statistics.regression.LinearRegressionDeterminismTest" tests="1" failures="0" timestamp="18 Feb 2016 14:54:40 GMT" time="0.026" errors="0">
  <testcase name="LinearRegressionTest" time="0.026" classname="microsim.statistics.regression.LinearRegressionDeterminismTest"/>
</testsuite> <!-- microsim.statistics.regression.LinearRegressionDeterminismTest -->
