<?xml version="1.0" encoding="UTF-8"?>
<!-- Generated by org.testng.reporters.JUnitReportReporter -->
<testsuite hostname="Ross-Laptop" name="microsim.alignment.outcome.NewTest" tests="2" failures="0" timestamp="17 Feb 2016 14:41:18 GMT" time="0.003" errors="0">
  <testcase name="f" time="0.003" classname="microsim.alignment.outcome.NewTest"/>
  <testcase name="f" time="0.000" classname="microsim.alignment.outcome.NewTest"/>
</testsuite> <!-- microsim.alignment.outcome.NewTest -->
