<?xml version="1.0" encoding="UTF-8"?>
<!-- Generated by org.testng.reporters.JUnitReportReporter -->
<testsuite hostname="Ross-Laptop" name="alignment.DeterminismTest" tests="2" failures="0" timestamp="17 Feb 2016 13:46:45 GMT" time="0.008" errors="0">
  <testcase name="f" time="0.000" classname="alignment.DeterminismTest"/>
  <testcase name="f" time="0.008" classname="alignment.DeterminismTest"/>
</testsuite> <!-- alignment.DeterminismTest -->
